{"numFailedTestSuites":1,"numFailedTests":0,"numPassedTestSuites":0,"numPassedTests":0,"numPendingTestSuites":0,"numPendingTests":0,"numRuntimeErrorTestSuites":1,"numTodoTests":0,"numTotalTestSuites":1,"numTotalTests":0,"openHandles":[],"snapshot":{"added":0,"didUpdate":false,"failure":false,"filesAdded":0,"filesRemoved":0,"filesRemovedList":[],"filesUnmatched":0,"filesUpdated":0,"matched":0,"total":0,"unchecked":0,"uncheckedKeysByFile":[],"unmatched":0,"updated":0},"startTime":1764193461665,"success":false,"testResults":[{"assertionResults":[],"coverage":{},"endTime":1764193462367,"message":"  \u001b[1m● \u001b[22mTest suite failed to run\n\n    TypeError: Cannot read properties of undefined (reading 'get')\n\n    \u001b[0m \u001b[90m 1 |\u001b[39m \u001b[36mimport\u001b[39m \u001b[33mReact\u001b[39m\u001b[33m,\u001b[39m {useMemo\u001b[33m,\u001b[39m useState} \u001b[36mfrom\u001b[39m \u001b[32m'react'\u001b[39m\u001b[33m;\u001b[39m\n     \u001b[90m 2 |\u001b[39m \u001b[36mimport\u001b[39m {\u001b[33mScrollView\u001b[39m\u001b[33m,\u001b[39m \u001b[33mText\u001b[39m\u001b[33m,\u001b[39m \u001b[33mTextInput\u001b[39m\u001b[33m,\u001b[39m \u001b[33mTouchableOpacity\u001b[39m\u001b[33m,\u001b[39m \u001b[33mView\u001b[39m} \u001b[36mfrom\u001b[39m \u001b[32m'react-native'\u001b[39m\u001b[33m;\u001b[39m\n    \u001b[31m\u001b[1m>\u001b[22m\u001b[39m\u001b[90m 3 |\u001b[39m \u001b[36mimport\u001b[39m \u001b[33mMaterialCommunityIcons\u001b[39m \u001b[36mfrom\u001b[39m \u001b[32m'react-native-vector-icons/MaterialCommunityIcons'\u001b[39m\u001b[33m;\u001b[39m\n     \u001b[90m   |\u001b[39m \u001b[31m\u001b[1m^\u001b[22m\u001b[39m\n     \u001b[90m 4 |\u001b[39m \u001b[36mimport\u001b[39m {\u001b[33mCOLORS\u001b[39m} \u001b[36mfrom\u001b[39m \u001b[32m'../constants/HomeConstants'\u001b[39m\u001b[33m;\u001b[39m\n     \u001b[90m 5 |\u001b[39m \u001b[36mimport\u001b[39m {applyRedemption\u001b[33m,\u001b[39m sanitizeAmount\u001b[33m,\u001b[39m validateRedemption} \u001b[36mfrom\u001b[39m \u001b[32m'../utils/transactions'\u001b[39m\u001b[33m;\u001b[39m\n     \u001b[90m 6 |\u001b[39m\u001b[0m\n\n      \u001b[2mat Object.get (\u001b[22mnode_modules/react-native-vector-icons/lib/NativeRNVectorIcons.js\u001b[2m:21:37)\u001b[22m\n      \u001b[2mat Object.require (\u001b[22mnode_modules/react-native-vector-icons/lib/ensure-native-module-available.js\u001b[2m:1:1)\u001b[22m\n      \u001b[2mat Object.require (\u001b[22mnode_modules/react-native-vector-icons/lib/create-icon-set.js\u001b[2m:5:1)\u001b[22m\n      \u001b[2mat Object.require (\u001b[22mnode_modules/react-native-vector-icons/MaterialCommunityIcons.js\u001b[2m:6:1)\u001b[22m\n      \u001b[2mat Object.require (\u001b[22msrc/screens/CashbackScreen.tsx\u001b[2m:3:1)\u001b[22m\n      \u001b[2mat Object.require (\u001b[22m\u001b[0m\u001b[36m__tests__/CashbackScreen.test.tsx\u001b[39m\u001b[0m\u001b[2m:3:1)\u001b[22m\n","name":"C:\\Users\\jmle\\OneDrive - GFT Technologies SE\\Desktop\\TerpelPoC-TRAE\\__tests__\\CashbackScreen.test.tsx","startTime":1764193462367,"status":"failed","summary":""}],"wasInterrupted":false}
