<?xml version="1.0" encoding="UTF-8"?>
<testsuite xmlns:xsi="http://www.w3.org/2001/XMLSchema-instance" xsi:noNamespaceSchemaLocation="https://maven.apache.org/surefire/maven-surefire-plugin/xsd/surefire-test-report.xsd" name="com.terpel.sms.SmsControllerTests" time="0.451" tests="5" errors="0" skipped="0" failures="0">
  <properties>
[...]
</properties>
  <testcase name="paymentOkReturns200" classname="com.terpel.sms.SmsControllerTests" time="0.036"/>
  <testcase name="transferSmsOkReturns200" classname="com.terpel.sms.SmsControllerTests" time="0.025"/>
  <testcase name="securityBadReturns400" classname="com.terpel.sms.SmsControllerTests" time="0.047"/>
  <testcase name="paymentBadReturns400" classname="com.terpel.sms.SmsControllerTests" time="0.017"/>
  <testcase name="securityOkReturns200" classname="com.terpel.sms.SmsControllerTests" time="0.024"/>
</testsuite>